04.05.2023 18:24:10 - Uspešna prijava korisnika 'Бошко Богојевић'
04.05.2023 18:24:01 - Ne postoji korisnik 'sadadasd'
04.05.2023 18:02:32 - Odjava korisnika 'Бошко Богојевић'
04.05.2023 17:52:27 - Uspešna prijava korisnika 'Бошко Богојевић'
04.05.2023 17:52:03 - Pogrešna lozinka za korisnika 'bbosko@skola.com'
04.05.2023 17:51:46 - Pogrešna lozinka za korisnika 'bbosko@skola.com'
04.05.2023 17:51:39 - Odjava korisnika 'Бошко Богојевић'
04.05.2023 17:18:24 - Uspešna prijava korisnika 'Бошко Богојевић'
04.05.2023 17:18:18 - Odjava korisnika 'Cane Kurbla'
04.05.2023 17:18:06 - Uspešna prijava korisnika 'Cane Kurbla'
04.05.2023 17:17:33 - Odjava korisnika 'Pera Perić'
04.05.2023 17:16:47 - Uspešna prijava korisnika 'Pera Perić'
04.05.2023 17:16:40 - Odjava korisnika 'Бошко Богојевић'
04.05.2023 16:52:55 - Uspešna prijava korisnika 'Бошко Богојевић'
04.05.2023 16:52:29 - Korisnik 'bbosko@skola.com' je obrisao svoj profil
04.05.2023 16:52:20 - Odjava korisnika 'Бошко Богојевић'
04.05.2023 16:52:09 - Uspešna prijava korisnika 'Бошко Богојевић'
04.05.2023 16:50:38 - Korisnik 'bbosko@skola.com' postoji, ali je neaktivan
04.05.2023 16:50:20 - Odjava korisnika 'Бошко Богојевић'
04.05.2023 16:19:18 - Uspešna prijava korisnika 'Бошко Богојевић'
04.05.2023 16:18:56 - Odjava korisnika 'Бошко Богојевић'
04.05.2023 16:06:43 - Uspešna prijava korisnika 'Бошко Богојевић'
04.05.2023 13:31:22 - Korisnik 'pperic@skola.com' postoji, ali je neaktivan
04.05.2023 13:21:55 - Odjava korisnika 'Бошко Богојевић'
04.05.2023 13:21:14 - Uspešna prijava korisnika 'Бошко Богојевић'
